<?xml version="1.0" encoding="UTF-8"?>
<!-- Generated by org.testng.reporters.JUnitXMLReporter -->
<testsuite ignored="2" hostname="DESKTOP-97SLOL7" failures="0" tests="1" name="Test" time="39.937" errors="0" timestamp="2024-02-09T13:02:13 IST">
  <testcase classname="Automation.ParallelTestCases" name="froms" time="39.817"/>
  <testcase classname="Automation.ParallelTestCases" name="screenshot" time="0.0">
    <ignored/>
  </testcase> <!-- screenshot -->
  <testcase classname="Automation.ParallelTestCases" name="fileupload" time="0.0">
    <ignored/>
  </testcase> <!-- fileupload -->
</testsuite> <!-- Test -->
