<?xml version="1.0" encoding="UTF-8"?>
<testng-results ignored="2" total="3" passed="1" failed="0" skipped="0">
  <reporter-output>
  </reporter-output>
  <suite started-at="2024-02-09T13:01:33 IST" name="Suite" finished-at="2024-02-09T13:02:13 IST" duration-ms="39937">
    <groups>
      <group name="smoke">
        <method signature="ParallelTestCases.froms()[pri:0, instance:Automation.ParallelTestCases@4802796d]" name="froms" class="Automation.ParallelTestCases"/>
      </group> <!-- smoke -->
    </groups>
    <test started-at="2024-02-09T13:01:33 IST" name="Test" finished-at="2024-02-09T13:02:13 IST" duration-ms="39937">
      <class name="Automation.ParallelTestCases">
        <test-method signature="froms()[pri:0, instance:Automation.ParallelTestCases@4802796d]" started-at="2024-02-09T13:01:33 IST" name="froms" finished-at="2024-02-09T13:02:13 IST" duration-ms="39817" status="PASS">
          <reporter-output>
          </reporter-output>
        </test-method> <!-- froms -->
      </class> <!-- Automation.ParallelTestCases -->
    </test> <!-- Test -->
  </suite> <!-- Suite -->
</testng-results>
